<?xml version="1.0" encoding="UTF-8"?>
<testng-results ignored="0" total="1" passed="1" failed="0" skipped="0">
  <reporter-output>
  </reporter-output>
  <suite started-at="2018-04-25T03:51:43Z" name="Default suite" finished-at="2018-04-25T03:52:02Z" duration-ms="19077">
    <groups>
    </groups>
    <test started-at="2018-04-25T03:51:43Z" name="Default test" finished-at="2018-04-25T03:52:02Z" duration-ms="19077">
      <class name="Proj1.TestNg">
        <test-method is-config="true" signature="setup()[pri:0, instance:Proj1.TestNg@2d2ffcb7]" started-at="2018-04-25T03:51:43Z" name="setup" finished-at="2018-04-25T03:52:00Z" duration-ms="17807" status="PASS">
          <reporter-output>
          </reporter-output>
        </test-method> <!-- setup -->
        <test-method signature="TitleTest()[pri:0, instance:Proj1.TestNg@2d2ffcb7]" started-at="2018-04-25T03:52:00Z" name="TitleTest" finished-at="2018-04-25T03:52:01Z" duration-ms="77" status="PASS">
          <reporter-output>
          </reporter-output>
        </test-method> <!-- TitleTest -->
        <test-method is-config="true" signature="close()[pri:0, instance:Proj1.TestNg@2d2ffcb7]" started-at="2018-04-25T03:52:01Z" name="close" finished-at="2018-04-25T03:52:02Z" duration-ms="1150" status="PASS">
          <reporter-output>
          </reporter-output>
        </test-method> <!-- close -->
      </class> <!-- Proj1.TestNg -->
    </test> <!-- Default test -->
  </suite> <!-- Default suite -->
</testng-results>
